<?xml version="1.0" encoding="UTF-8"?>
<!-- Generated by org.testng.reporters.JUnitXMLReporter -->
<testsuite ignored="2" hostname="DESKTOP-OEOSN9E" failures="1" tests="2" name="FST Module1 Assignment" time="29.437" errors="0" timestamp="2022-12-11T12:15:23 IST">
  <testcase classname="com.ibm.fst1.TC04_ComputerDatabase" name="cmpDbsDemo" time="16.887"/>
  <testcase classname="com.ibm.fst1.TC05_SauceLabDemo" name="verifySauceLabDemo" time="0.004">
    <failure type="java.lang.NullPointerException" message="Cannot invoke &amp;quot;org.openqa.selenium.WebDriver.get(String)&amp;quot; because &amp;quot;this.driver&amp;quot; is null">
      <![CDATA[java.lang.NullPointerException: Cannot invoke "org.openqa.selenium.WebDriver.get(String)" because "this.driver" is null
at com.ibm.fst1.CommonMethods.navigateToAppURL(CommonMethods.java:15)
at com.ibm.fst1.TC05_SauceLabDemo.verifySauceLabDemo(TC05_SauceLabDemo.java:16)
at java.base/java.util.ArrayList.forEach(ArrayList.java:1511)
... Removed 27 stack frames]]>
    </failure>
  </testcase> <!-- verifySauceLabDemo -->
  <testcase classname="com.ibm.fst1.MainClass" name="@AfterSuite closeBrowser" time="0.0">
    <ignored/>
  </testcase> <!-- @AfterSuite closeBrowser -->
  <testcase classname="com.ibm.fst1.MainClass" name="@BeforeTest launchBrowser" time="0.0">
    <ignored/>
  </testcase> <!-- @BeforeTest launchBrowser -->
</testsuite> <!-- FST Module1 Assignment -->
