<?xml version="1.0" encoding="UTF-8"?>
<testng-results ignored="0" total="2" passed="2" failed="0" skipped="0">
  <reporter-output>
  </reporter-output>
  <suite started-at="2022-12-11T12:20:19 IST" name="FST Module1 Assignment" finished-at="2022-12-11T12:21:32 IST" duration-ms="72956">
    <groups>
    </groups>
    <test started-at="2022-12-11T12:20:19 IST" name="Computer Demo" finished-at="2022-12-11T12:20:55 IST" duration-ms="36082">
      <class name="com.ibm.fst1.TC04_ComputerDatabase">
        <test-method is-config="true" signature="launchBrowser()[pri:0, instance:com.ibm.fst1.TC04_ComputerDatabase@7133da86]" started-at="2022-12-11T12:20:19 IST" name="launchBrowser" finished-at="2022-12-11T12:20:32 IST" duration-ms="13712" status="PASS">
          <reporter-output>
          </reporter-output>
        </test-method> <!-- launchBrowser -->
        <test-method signature="cmpDbsDemo()[pri:0, instance:com.ibm.fst1.TC04_ComputerDatabase@7133da86]" started-at="2022-12-11T12:20:33 IST" name="cmpDbsDemo" finished-at="2022-12-11T12:20:53 IST" duration-ms="20155" status="PASS">
          <reporter-output>
          </reporter-output>
        </test-method> <!-- cmpDbsDemo -->
        <test-method is-config="true" signature="closeBrowser()[pri:0, instance:com.ibm.fst1.TC04_ComputerDatabase@7133da86]" started-at="2022-12-11T12:20:53 IST" name="closeBrowser" finished-at="2022-12-11T12:20:55 IST" duration-ms="2079" status="PASS">
          <reporter-output>
          </reporter-output>
        </test-method> <!-- closeBrowser -->
      </class> <!-- com.ibm.fst1.TC04_ComputerDatabase -->
    </test> <!-- Computer Demo -->
    <test started-at="2022-12-11T12:20:56 IST" name="SauceLab" finished-at="2022-12-11T12:21:32 IST" duration-ms="35738">
      <class name="com.ibm.fst1.TC05_SauceLabDemo">
        <test-method is-config="true" signature="launchBrowser()[pri:0, instance:com.ibm.fst1.TC05_SauceLabDemo@7c711375]" started-at="2022-12-11T12:20:56 IST" name="launchBrowser" finished-at="2022-12-11T12:21:12 IST" duration-ms="16491" status="PASS">
          <reporter-output>
          </reporter-output>
        </test-method> <!-- launchBrowser -->
        <test-method signature="verifySauceLabDemo()[pri:0, instance:com.ibm.fst1.TC05_SauceLabDemo@7c711375]" started-at="2022-12-11T12:21:12 IST" name="verifySauceLabDemo" finished-at="2022-12-11T12:21:31 IST" duration-ms="18649" status="PASS">
          <reporter-output>
          </reporter-output>
        </test-method> <!-- verifySauceLabDemo -->
        <test-method is-config="true" signature="closeBrowser()[pri:0, instance:com.ibm.fst1.TC05_SauceLabDemo@7c711375]" started-at="2022-12-11T12:21:31 IST" name="closeBrowser" finished-at="2022-12-11T12:21:32 IST" duration-ms="592" status="PASS">
          <reporter-output>
          </reporter-output>
        </test-method> <!-- closeBrowser -->
        <test-method is-config="true" signature="quitBrowser()[pri:0, instance:com.ibm.fst1.TC05_SauceLabDemo@7c711375]" started-at="2022-12-11T12:21:32 IST" name="quitBrowser" finished-at="2022-12-11T12:21:32 IST" duration-ms="405" status="PASS">
          <reporter-output>
          </reporter-output>
        </test-method> <!-- quitBrowser -->
      </class> <!-- com.ibm.fst1.TC05_SauceLabDemo -->
    </test> <!-- SauceLab -->
  </suite> <!-- FST Module1 Assignment -->
</testng-results>
